2023-02-23 13:55:00 [127.0.0.1][-][0698m1lvv7h5a86v6dkijai4rjdlemb5][error][yii\base\ErrorException:256] yii\base\ErrorException: PHP Warning 'yii\base\ErrorException' with message 'symlink(): Permission denied' 

in D:\OSPanel\domains\dispute\vendor\yiisoft\yii2\web\AssetManager.php:563

Stack trace:
#0 [internal function]: yii\base\ErrorHandler->handleError()
#1 D:\OSPanel\domains\dispute\vendor\yiisoft\yii2\web\AssetManager.php(563): symlink()
#2 D:\OSPanel\domains\dispute\vendor\yiisoft\yii2\web\AssetManager.php(487): yii\web\AssetManager->publishDirectory()
#3 D:\OSPanel\domains\dispute\vendor\yiisoft\yii2\web\AssetBundle.php(181): yii\web\AssetManager->publish()
#4 D:\OSPanel\domains\dispute\vendor\yiisoft\yii2\web\AssetManager.php(294): yii\web\AssetBundle->publish()
#5 D:\OSPanel\domains\dispute\vendor\yiisoft\yii2\web\AssetManager.php(265): yii\web\AssetManager->loadBundle()
#6 D:\OSPanel\domains\dispute\vendor\yiisoft\yii2\web\View.php(294): yii\web\AssetManager->getBundle()
#7 D:\OSPanel\domains\dispute\vendor\yiisoft\yii2\web\AssetBundle.php(125): yii\web\View->registerAssetBundle()
#8 D:\OSPanel\domains\dispute\vendor\yiisoft\yii2\validators\RequiredValidator.php(94): yii\web\AssetBundle::register()
#9 D:\OSPanel\domains\dispute\vendor\yiisoft\yii2\widgets\ActiveField.php(833): yii\validators\RequiredValidator->clientValidateAttribute()
#10 D:\OSPanel\domains\dispute\vendor\yiisoft\yii2\widgets\ActiveField.php(233): yii\widgets\ActiveField->getClientOptions()
#11 D:\OSPanel\domains\dispute\vendor\yiisoft\yii2\widgets\ActiveField.php(223): yii\widgets\ActiveField->begin()
#12 D:\OSPanel\domains\dispute\vendor\youra-halloween\yii2-material-design-components\src\ActiveField.php(90): yii\widgets\ActiveField->render()
#13 D:\OSPanel\domains\dispute\vendor\yiisoft\yii2\widgets\ActiveField.php(176): yh\mdc\ActiveField->render()
#14 D:\OSPanel\domains\dispute\backend\views\guest\login.php(55): yii\widgets\ActiveField->__toString()
#15 D:\OSPanel\domains\dispute\vendor\yiisoft\yii2\base\View.php(347): require('D:\\OSPanel\\doma...')
#16 D:\OSPanel\domains\dispute\vendor\yiisoft\yii2\base\View.php(257): yii\base\View->renderPhpFile()
#17 D:\OSPanel\domains\dispute\vendor\yiisoft\yii2\base\View.php(156): yii\base\View->renderFile()
#18 D:\OSPanel\domains\dispute\vendor\yiisoft\yii2\base\Controller.php(407): yii\base\View->render()
#19 D:\OSPanel\domains\dispute\backend\controllers\GuestController.php(117): yii\base\Controller->render()
#20 [internal function]: backend\controllers\GuestController->actionLogin()
#21 D:\OSPanel\domains\dispute\vendor\yiisoft\yii2\base\InlineAction.php(57): call_user_func_array()
#22 D:\OSPanel\domains\dispute\vendor\yiisoft\yii2\base\Controller.php(178): yii\base\InlineAction->runWithParams()
#23 D:\OSPanel\domains\dispute\vendor\yiisoft\yii2\base\Module.php(552): yii\base\Controller->runAction()
#24 D:\OSPanel\domains\dispute\vendor\yiisoft\yii2\web\Application.php(103): yii\base\Module->runAction()
#25 D:\OSPanel\domains\dispute\vendor\yiisoft\yii2\base\Application.php(384): yii\web\Application->handleRequest()
#26 D:\OSPanel\domains\dispute\backend\web\index.php(21): yii\base\Application->run()
#27 {main} in D:\OSPanel\domains\dispute\vendor\yiisoft\yii2\base\ErrorHandler.php:384
Stack trace:
#0 [internal function]: yii\base\ErrorHandler->handleError()
#1 D:\OSPanel\domains\dispute\vendor\yiisoft\yii2\base\ErrorHandler.php(384): trigger_error()
#2 D:\OSPanel\domains\dispute\vendor\yiisoft\yii2\widgets\ActiveField.php(178): yii\base\ErrorHandler::convertExceptionToError()
#3 D:\OSPanel\domains\dispute\backend\views\guest\login.php(55): yii\widgets\ActiveField->__toString()
#4 D:\OSPanel\domains\dispute\vendor\yiisoft\yii2\base\View.php(347): require('D:\\OSPanel\\doma...')
#5 D:\OSPanel\domains\dispute\vendor\yiisoft\yii2\base\View.php(257): yii\base\View->renderPhpFile()
#6 D:\OSPanel\domains\dispute\vendor\yiisoft\yii2\base\View.php(156): yii\base\View->renderFile()
#7 D:\OSPanel\domains\dispute\vendor\yiisoft\yii2\base\Controller.php(407): yii\base\View->render()
#8 D:\OSPanel\domains\dispute\backend\controllers\GuestController.php(117): yii\base\Controller->render()
#9 [internal function]: backend\controllers\GuestController->actionLogin()
#10 D:\OSPanel\domains\dispute\vendor\yiisoft\yii2\base\InlineAction.php(57): call_user_func_array()
#11 D:\OSPanel\domains\dispute\vendor\yiisoft\yii2\base\Controller.php(178): yii\base\InlineAction->runWithParams()
#12 D:\OSPanel\domains\dispute\vendor\yiisoft\yii2\base\Module.php(552): yii\base\Controller->runAction()
#13 D:\OSPanel\domains\dispute\vendor\yiisoft\yii2\web\Application.php(103): yii\base\Module->runAction()
#14 D:\OSPanel\domains\dispute\vendor\yiisoft\yii2\base\Application.php(384): yii\web\Application->handleRequest()
#15 D:\OSPanel\domains\dispute\backend\web\index.php(21): yii\base\Application->run()
#16 {main}
2023-02-23 13:54:59 [127.0.0.1][-][0698m1lvv7h5a86v6dkijai4rjdlemb5][info][application] $_GET = []

$_POST = []

$_FILES = []

$_COOKIE = [
    'advanced-backend' => '0698m1lvv7h5a86v6dkijai4rjdlemb5'
]

$_SESSION = [
    '__flash' => []
    '__returnUrl' => 'http://dispute/'
]

$_SERVER = [
    'REDIRECT_STATUS' => '200'
    'HTTP_HOST' => 'dispute'
    'HTTP_CONNECTION' => 'keep-alive'
    'HTTP_UPGRADE_INSECURE_REQUESTS' => '1'
    'HTTP_USER_AGENT' => 'Mozilla/5.0 (Windows NT 10.0; Win64; x64) AppleWebKit/537.36 (KHTML, like Gecko) Chrome/108.0.0.0 Safari/537.36 OPR/94.0.0.0 (Edition Yx GX)'
    'HTTP_ACCEPT' => 'text/html,application/xhtml+xml,application/xml;q=0.9,image/avif,image/webp,image/apng,*/*;q=0.8,application/signed-exchange;v=b3;q=0.9'
    'HTTP_ACCEPT_ENCODING' => 'gzip, deflate'
    'HTTP_ACCEPT_LANGUAGE' => 'ru-RU,ru;q=0.9,en-US;q=0.8,en;q=0.7'
    'HTTP_COOKIE' => 'advanced-backend=0698m1lvv7h5a86v6dkijai4rjdlemb5'
    'PATH' => 'd:\\ospanel\\modules\\php\\PHP_8.1\\ext;d:\\ospanel\\modules\\php\\PHP_8.1\\pear;d:\\ospanel\\modules\\php\\PHP_8.1\\pear\\bin;d:\\ospanel\\modules\\php\\PHP_8.1;d:\\ospanel\\modules\\wget\\bin;d:\\ospanel\\modules\\database\\MySQL-8.0-Win10\\bin;d:\\ospanel\\modules\\http\\Apache_2.4-PHP_8.0-8.1\\bin;d:\\ospanel\\modules\\http\\Apache_2.4-PHP_8.0-8.1;C:\\Windows\\system32;C:\\Windows;C:\\Windows\\system32\\Wbem;C:\\Windows\\SysWOW64'
    'SystemRoot' => 'C:\\Windows'
    'COMSPEC' => 'C:\\Windows\\system32\\cmd.exe'
    'PATHEXT' => '.COM;.EXE;.BAT;.CMD;.VBS;.VBE;.JS;.JSE;.WSF;.WSH;.MSC'
    'WINDIR' => 'C:\\Windows'
    'SERVER_SIGNATURE' => ''
    'SERVER_SOFTWARE' => 'Apache'
    'SERVER_NAME' => 'dispute'
    'SERVER_ADDR' => '127.0.0.1'
    'SERVER_PORT' => '80'
    'REMOTE_ADDR' => '127.0.0.1'
    'DOCUMENT_ROOT' => 'D:/OSPanel/domains/dispute/backend/web'
    'REQUEST_SCHEME' => 'http'
    'CONTEXT_PREFIX' => ''
    'CONTEXT_DOCUMENT_ROOT' => 'D:/OSPanel/domains/dispute/backend/web'
    'SERVER_ADMIN' => '[no address given]'
    'SCRIPT_FILENAME' => 'D:/OSPanel/domains/dispute/backend/web/index.php'
    'REMOTE_PORT' => '62869'
    'REDIRECT_URL' => '/login'
    'GATEWAY_INTERFACE' => 'CGI/1.1'
    'SERVER_PROTOCOL' => 'HTTP/1.1'
    'REQUEST_METHOD' => 'GET'
    'QUERY_STRING' => ''
    'REQUEST_URI' => '/login'
    'SCRIPT_NAME' => '/index.php'
    'PHP_SELF' => '/index.php'
    'REQUEST_TIME_FLOAT' => 1677149699.974
    'REQUEST_TIME' => 1677149699
]
2023-02-23 13:55:22 [127.0.0.1][-][0698m1lvv7h5a86v6dkijai4rjdlemb5][error][yii\db\Exception] PDOException: SQLSTATE[HY000] [1045] Access denied for user 'root'@'localhost' (using password: NO) in D:\OSPanel\domains\dispute\vendor\yiisoft\yii2\db\Connection.php:722
Stack trace:
#0 D:\OSPanel\domains\dispute\vendor\yiisoft\yii2\db\Connection.php(722): PDO->__construct()
#1 D:\OSPanel\domains\dispute\vendor\yiisoft\yii2\db\Connection.php(637): yii\db\Connection->createPdoInstance()
#2 D:\OSPanel\domains\dispute\vendor\yiisoft\yii2\db\Connection.php(1067): yii\db\Connection->open()
#3 D:\OSPanel\domains\dispute\vendor\yiisoft\yii2\db\Connection.php(1054): yii\db\Connection->getMasterPdo()
#4 D:\OSPanel\domains\dispute\vendor\yiisoft\yii2\db\mysql\QueryBuilder.php(413): yii\db\Connection->getSlavePdo()
#5 D:\OSPanel\domains\dispute\vendor\yiisoft\yii2\db\mysql\QueryBuilder.php(437): yii\db\mysql\QueryBuilder->supportsFractionalSeconds()
#6 D:\OSPanel\domains\dispute\vendor\yiisoft\yii2\db\mysql\QueryBuilder.php(59): yii\db\mysql\QueryBuilder->defaultTimeTypeMap()
#7 D:\OSPanel\domains\dispute\vendor\yiisoft\yii2\base\BaseObject.php(109): yii\db\mysql\QueryBuilder->init()
#8 D:\OSPanel\domains\dispute\vendor\yiisoft\yii2\db\QueryBuilder.php(116): yii\base\BaseObject->__construct()
#9 D:\OSPanel\domains\dispute\vendor\yiisoft\yii2\db\mysql\Schema.php(217): yii\db\QueryBuilder->__construct()
#10 D:\OSPanel\domains\dispute\vendor\yiisoft\yii2\db\Schema.php(247): yii\db\mysql\Schema->createQueryBuilder()
#11 D:\OSPanel\domains\dispute\vendor\yiisoft\yii2\db\Connection.php(884): yii\db\Schema->getQueryBuilder()
#12 D:\OSPanel\domains\dispute\vendor\yiisoft\yii2\db\ActiveQuery.php(328): yii\db\Connection->getQueryBuilder()
#13 D:\OSPanel\domains\dispute\vendor\yiisoft\yii2\db\Query.php(249): yii\db\ActiveQuery->createCommand()
#14 D:\OSPanel\domains\dispute\vendor\yiisoft\yii2\db\ActiveQuery.php(133): yii\db\Query->all()
#15 D:\OSPanel\domains\dispute\backend\components\ActiveRecord.php(31): yii\db\ActiveQuery->all()
#16 D:\OSPanel\domains\dispute\backend\models\I18nLocale.php(86): app\components\ActiveRecord::getListAss()
#17 D:\OSPanel\domains\dispute\backend\views\guest\login.php(99): app\models\I18nLocale::getList()
#18 D:\OSPanel\domains\dispute\vendor\yiisoft\yii2\base\View.php(347): require('D:\\OSPanel\\doma...')
#19 D:\OSPanel\domains\dispute\vendor\yiisoft\yii2\base\View.php(257): yii\base\View->renderPhpFile()
#20 D:\OSPanel\domains\dispute\vendor\yiisoft\yii2\base\View.php(156): yii\base\View->renderFile()
#21 D:\OSPanel\domains\dispute\vendor\yiisoft\yii2\base\Controller.php(407): yii\base\View->render()
#22 D:\OSPanel\domains\dispute\backend\controllers\GuestController.php(117): yii\base\Controller->render()
#23 [internal function]: backend\controllers\GuestController->actionLogin()
#24 D:\OSPanel\domains\dispute\vendor\yiisoft\yii2\base\InlineAction.php(57): call_user_func_array()
#25 D:\OSPanel\domains\dispute\vendor\yiisoft\yii2\base\Controller.php(178): yii\base\InlineAction->runWithParams()
#26 D:\OSPanel\domains\dispute\vendor\yiisoft\yii2\base\Module.php(552): yii\base\Controller->runAction()
#27 D:\OSPanel\domains\dispute\vendor\yiisoft\yii2\web\Application.php(103): yii\base\Module->runAction()
#28 D:\OSPanel\domains\dispute\vendor\yiisoft\yii2\base\Application.php(384): yii\web\Application->handleRequest()
#29 D:\OSPanel\domains\dispute\backend\web\index.php(21): yii\base\Application->run()
#30 {main}

Next yii\db\Exception: SQLSTATE[HY000] [1045] Access denied for user 'root'@'localhost' (using password: NO) in D:\OSPanel\domains\dispute\vendor\yiisoft\yii2\db\Connection.php:648
Stack trace:
#0 D:\OSPanel\domains\dispute\vendor\yiisoft\yii2\db\Connection.php(1067): yii\db\Connection->open()
#1 D:\OSPanel\domains\dispute\vendor\yiisoft\yii2\db\Connection.php(1054): yii\db\Connection->getMasterPdo()
#2 D:\OSPanel\domains\dispute\vendor\yiisoft\yii2\db\mysql\QueryBuilder.php(413): yii\db\Connection->getSlavePdo()
#3 D:\OSPanel\domains\dispute\vendor\yiisoft\yii2\db\mysql\QueryBuilder.php(437): yii\db\mysql\QueryBuilder->supportsFractionalSeconds()
#4 D:\OSPanel\domains\dispute\vendor\yiisoft\yii2\db\mysql\QueryBuilder.php(59): yii\db\mysql\QueryBuilder->defaultTimeTypeMap()
#5 D:\OSPanel\domains\dispute\vendor\yiisoft\yii2\base\BaseObject.php(109): yii\db\mysql\QueryBuilder->init()
#6 D:\OSPanel\domains\dispute\vendor\yiisoft\yii2\db\QueryBuilder.php(116): yii\base\BaseObject->__construct()
#7 D:\OSPanel\domains\dispute\vendor\yiisoft\yii2\db\mysql\Schema.php(217): yii\db\QueryBuilder->__construct()
#8 D:\OSPanel\domains\dispute\vendor\yiisoft\yii2\db\Schema.php(247): yii\db\mysql\Schema->createQueryBuilder()
#9 D:\OSPanel\domains\dispute\vendor\yiisoft\yii2\db\Connection.php(884): yii\db\Schema->getQueryBuilder()
#10 D:\OSPanel\domains\dispute\vendor\yiisoft\yii2\db\ActiveQuery.php(328): yii\db\Connection->getQueryBuilder()
#11 D:\OSPanel\domains\dispute\vendor\yiisoft\yii2\db\Query.php(249): yii\db\ActiveQuery->createCommand()
#12 D:\OSPanel\domains\dispute\vendor\yiisoft\yii2\db\ActiveQuery.php(133): yii\db\Query->all()
#13 D:\OSPanel\domains\dispute\backend\components\ActiveRecord.php(31): yii\db\ActiveQuery->all()
#14 D:\OSPanel\domains\dispute\backend\models\I18nLocale.php(86): app\components\ActiveRecord::getListAss()
#15 D:\OSPanel\domains\dispute\backend\views\guest\login.php(99): app\models\I18nLocale::getList()
#16 D:\OSPanel\domains\dispute\vendor\yiisoft\yii2\base\View.php(347): require('D:\\OSPanel\\doma...')
#17 D:\OSPanel\domains\dispute\vendor\yiisoft\yii2\base\View.php(257): yii\base\View->renderPhpFile()
#18 D:\OSPanel\domains\dispute\vendor\yiisoft\yii2\base\View.php(156): yii\base\View->renderFile()
#19 D:\OSPanel\domains\dispute\vendor\yiisoft\yii2\base\Controller.php(407): yii\base\View->render()
#20 D:\OSPanel\domains\dispute\backend\controllers\GuestController.php(117): yii\base\Controller->render()
#21 [internal function]: backend\controllers\GuestController->actionLogin()
#22 D:\OSPanel\domains\dispute\vendor\yiisoft\yii2\base\InlineAction.php(57): call_user_func_array()
#23 D:\OSPanel\domains\dispute\vendor\yiisoft\yii2\base\Controller.php(178): yii\base\InlineAction->runWithParams()
#24 D:\OSPanel\domains\dispute\vendor\yiisoft\yii2\base\Module.php(552): yii\base\Controller->runAction()
#25 D:\OSPanel\domains\dispute\vendor\yiisoft\yii2\web\Application.php(103): yii\base\Module->runAction()
#26 D:\OSPanel\domains\dispute\vendor\yiisoft\yii2\base\Application.php(384): yii\web\Application->handleRequest()
#27 D:\OSPanel\domains\dispute\backend\web\index.php(21): yii\base\Application->run()
#28 {main}
Additional Information:
Array
(
    [0] => HY000
    [1] => 1045
    [2] => Access denied for user 'root'@'localhost' (using password: NO)
)

2023-02-23 13:55:22 [127.0.0.1][-][0698m1lvv7h5a86v6dkijai4rjdlemb5][info][application] $_GET = []

$_POST = []

$_FILES = []

$_COOKIE = [
    'advanced-backend' => '0698m1lvv7h5a86v6dkijai4rjdlemb5'
]

$_SESSION = [
    '__flash' => []
    '__returnUrl' => 'http://dispute/'
]

$_SERVER = [
    'REDIRECT_STATUS' => '200'
    'HTTP_HOST' => 'dispute'
    'HTTP_CONNECTION' => 'keep-alive'
    'HTTP_CACHE_CONTROL' => 'max-age=0'
    'HTTP_UPGRADE_INSECURE_REQUESTS' => '1'
    'HTTP_USER_AGENT' => 'Mozilla/5.0 (Windows NT 10.0; Win64; x64) AppleWebKit/537.36 (KHTML, like Gecko) Chrome/108.0.0.0 Safari/537.36 OPR/94.0.0.0 (Edition Yx GX)'
    'HTTP_ACCEPT' => 'text/html,application/xhtml+xml,application/xml;q=0.9,image/avif,image/webp,image/apng,*/*;q=0.8,application/signed-exchange;v=b3;q=0.9'
    'HTTP_ACCEPT_ENCODING' => 'gzip, deflate'
    'HTTP_ACCEPT_LANGUAGE' => 'ru-RU,ru;q=0.9,en-US;q=0.8,en;q=0.7'
    'HTTP_COOKIE' => 'advanced-backend=0698m1lvv7h5a86v6dkijai4rjdlemb5'
    'PATH' => 'd:\\ospanel\\modules\\php\\PHP_8.1\\ext;d:\\ospanel\\modules\\php\\PHP_8.1\\pear;d:\\ospanel\\modules\\php\\PHP_8.1\\pear\\bin;d:\\ospanel\\modules\\php\\PHP_8.1;d:\\ospanel\\modules\\wget\\bin;d:\\ospanel\\modules\\database\\MySQL-8.0-Win10\\bin;d:\\ospanel\\modules\\http\\Apache_2.4-PHP_8.0-8.1\\bin;d:\\ospanel\\modules\\http\\Apache_2.4-PHP_8.0-8.1;C:\\Windows\\system32;C:\\Windows;C:\\Windows\\system32\\Wbem;C:\\Windows\\SysWOW64'
    'SystemRoot' => 'C:\\Windows'
    'COMSPEC' => 'C:\\Windows\\system32\\cmd.exe'
    'PATHEXT' => '.COM;.EXE;.BAT;.CMD;.VBS;.VBE;.JS;.JSE;.WSF;.WSH;.MSC'
    'WINDIR' => 'C:\\Windows'
    'SERVER_SIGNATURE' => ''
    'SERVER_SOFTWARE' => 'Apache'
    'SERVER_NAME' => 'dispute'
    'SERVER_ADDR' => '127.0.0.1'
    'SERVER_PORT' => '80'
    'REMOTE_ADDR' => '127.0.0.1'
    'DOCUMENT_ROOT' => 'D:/OSPanel/domains/dispute/backend/web'
    'REQUEST_SCHEME' => 'http'
    'CONTEXT_PREFIX' => ''
    'CONTEXT_DOCUMENT_ROOT' => 'D:/OSPanel/domains/dispute/backend/web'
    'SERVER_ADMIN' => '[no address given]'
    'SCRIPT_FILENAME' => 'D:/OSPanel/domains/dispute/backend/web/index.php'
    'REMOTE_PORT' => '62880'
    'REDIRECT_URL' => '/login'
    'GATEWAY_INTERFACE' => 'CGI/1.1'
    'SERVER_PROTOCOL' => 'HTTP/1.1'
    'REQUEST_METHOD' => 'GET'
    'QUERY_STRING' => ''
    'REQUEST_URI' => '/login'
    'SCRIPT_NAME' => '/index.php'
    'PHP_SELF' => '/index.php'
    'REQUEST_TIME_FLOAT' => 1677149722.1837
    'REQUEST_TIME' => 1677149722
]
2023-02-23 13:56:57 [127.0.0.1][-][0698m1lvv7h5a86v6dkijai4rjdlemb5][error][yii\db\Exception] PDOException: SQLSTATE[42S02]: Base table or view not found: 1146 Table 'dispute.i18n_locale' doesn't exist in D:\OSPanel\domains\dispute\vendor\yiisoft\yii2\db\Command.php:1302
Stack trace:
#0 D:\OSPanel\domains\dispute\vendor\yiisoft\yii2\db\Command.php(1302): PDOStatement->execute()
#1 D:\OSPanel\domains\dispute\vendor\yiisoft\yii2\db\Command.php(1168): yii\db\Command->internalExecute()
#2 D:\OSPanel\domains\dispute\vendor\yiisoft\yii2\db\Command.php(410): yii\db\Command->queryInternal()
#3 D:\OSPanel\domains\dispute\vendor\yiisoft\yii2\db\Query.php(249): yii\db\Command->queryAll()
#4 D:\OSPanel\domains\dispute\vendor\yiisoft\yii2\db\ActiveQuery.php(133): yii\db\Query->all()
#5 D:\OSPanel\domains\dispute\backend\components\ActiveRecord.php(31): yii\db\ActiveQuery->all()
#6 D:\OSPanel\domains\dispute\backend\models\I18nLocale.php(86): app\components\ActiveRecord::getListAss()
#7 D:\OSPanel\domains\dispute\backend\views\guest\login.php(99): app\models\I18nLocale::getList()
#8 D:\OSPanel\domains\dispute\vendor\yiisoft\yii2\base\View.php(347): require('D:\\OSPanel\\doma...')
#9 D:\OSPanel\domains\dispute\vendor\yiisoft\yii2\base\View.php(257): yii\base\View->renderPhpFile()
#10 D:\OSPanel\domains\dispute\vendor\yiisoft\yii2\base\View.php(156): yii\base\View->renderFile()
#11 D:\OSPanel\domains\dispute\vendor\yiisoft\yii2\base\Controller.php(407): yii\base\View->render()
#12 D:\OSPanel\domains\dispute\backend\controllers\GuestController.php(117): yii\base\Controller->render()
#13 [internal function]: backend\controllers\GuestController->actionLogin()
#14 D:\OSPanel\domains\dispute\vendor\yiisoft\yii2\base\InlineAction.php(57): call_user_func_array()
#15 D:\OSPanel\domains\dispute\vendor\yiisoft\yii2\base\Controller.php(178): yii\base\InlineAction->runWithParams()
#16 D:\OSPanel\domains\dispute\vendor\yiisoft\yii2\base\Module.php(552): yii\base\Controller->runAction()
#17 D:\OSPanel\domains\dispute\vendor\yiisoft\yii2\web\Application.php(103): yii\base\Module->runAction()
#18 D:\OSPanel\domains\dispute\vendor\yiisoft\yii2\base\Application.php(384): yii\web\Application->handleRequest()
#19 D:\OSPanel\domains\dispute\backend\web\index.php(21): yii\base\Application->run()
#20 {main}

Next yii\db\Exception: SQLSTATE[42S02]: Base table or view not found: 1146 Table 'dispute.i18n_locale' doesn't exist
The SQL being executed was: SELECT `locale`, `code`, `name` FROM `i18n_locale` WHERE (1) AND (`locale` <> 'ru-RU') ORDER BY `code` in D:\OSPanel\domains\dispute\vendor\yiisoft\yii2\db\Schema.php:676
Stack trace:
#0 D:\OSPanel\domains\dispute\vendor\yiisoft\yii2\db\Command.php(1307): yii\db\Schema->convertException()
#1 D:\OSPanel\domains\dispute\vendor\yiisoft\yii2\db\Command.php(1168): yii\db\Command->internalExecute()
#2 D:\OSPanel\domains\dispute\vendor\yiisoft\yii2\db\Command.php(410): yii\db\Command->queryInternal()
#3 D:\OSPanel\domains\dispute\vendor\yiisoft\yii2\db\Query.php(249): yii\db\Command->queryAll()
#4 D:\OSPanel\domains\dispute\vendor\yiisoft\yii2\db\ActiveQuery.php(133): yii\db\Query->all()
#5 D:\OSPanel\domains\dispute\backend\components\ActiveRecord.php(31): yii\db\ActiveQuery->all()
#6 D:\OSPanel\domains\dispute\backend\models\I18nLocale.php(86): app\components\ActiveRecord::getListAss()
#7 D:\OSPanel\domains\dispute\backend\views\guest\login.php(99): app\models\I18nLocale::getList()
#8 D:\OSPanel\domains\dispute\vendor\yiisoft\yii2\base\View.php(347): require('D:\\OSPanel\\doma...')
#9 D:\OSPanel\domains\dispute\vendor\yiisoft\yii2\base\View.php(257): yii\base\View->renderPhpFile()
#10 D:\OSPanel\domains\dispute\vendor\yiisoft\yii2\base\View.php(156): yii\base\View->renderFile()
#11 D:\OSPanel\domains\dispute\vendor\yiisoft\yii2\base\Controller.php(407): yii\base\View->render()
#12 D:\OSPanel\domains\dispute\backend\controllers\GuestController.php(117): yii\base\Controller->render()
#13 [internal function]: backend\controllers\GuestController->actionLogin()
#14 D:\OSPanel\domains\dispute\vendor\yiisoft\yii2\base\InlineAction.php(57): call_user_func_array()
#15 D:\OSPanel\domains\dispute\vendor\yiisoft\yii2\base\Controller.php(178): yii\base\InlineAction->runWithParams()
#16 D:\OSPanel\domains\dispute\vendor\yiisoft\yii2\base\Module.php(552): yii\base\Controller->runAction()
#17 D:\OSPanel\domains\dispute\vendor\yiisoft\yii2\web\Application.php(103): yii\base\Module->runAction()
#18 D:\OSPanel\domains\dispute\vendor\yiisoft\yii2\base\Application.php(384): yii\web\Application->handleRequest()
#19 D:\OSPanel\domains\dispute\backend\web\index.php(21): yii\base\Application->run()
#20 {main}
Additional Information:
Array
(
    [0] => 42S02
    [1] => 1146
    [2] => Table 'dispute.i18n_locale' doesn't exist
)

2023-02-23 13:56:57 [127.0.0.1][-][0698m1lvv7h5a86v6dkijai4rjdlemb5][info][application] $_GET = []

$_POST = []

$_FILES = []

$_COOKIE = [
    'advanced-backend' => '0698m1lvv7h5a86v6dkijai4rjdlemb5'
    '_csrf-backend' => '361281c01f3e586de49521271553f3740fe7978b5ec8c97d7f6df187b9793affa:2:{i:0;s:13:\"_csrf-backend\";i:1;s:32:\"HTc55EPrZTP0oHGZgTaxIisRTkW1Gq7B\";}'
]

$_SESSION = [
    '__flash' => []
    '__returnUrl' => 'http://dispute/'
]

$_SERVER = [
    'REDIRECT_STATUS' => '200'
    'HTTP_HOST' => 'dispute'
    'HTTP_CONNECTION' => 'keep-alive'
    'HTTP_CACHE_CONTROL' => 'max-age=0'
    'HTTP_UPGRADE_INSECURE_REQUESTS' => '1'
    'HTTP_USER_AGENT' => 'Mozilla/5.0 (Windows NT 10.0; Win64; x64) AppleWebKit/537.36 (KHTML, like Gecko) Chrome/108.0.0.0 Safari/537.36 OPR/94.0.0.0 (Edition Yx GX)'
    'HTTP_ACCEPT' => 'text/html,application/xhtml+xml,application/xml;q=0.9,image/avif,image/webp,image/apng,*/*;q=0.8,application/signed-exchange;v=b3;q=0.9'
    'HTTP_ACCEPT_ENCODING' => 'gzip, deflate'
    'HTTP_ACCEPT_LANGUAGE' => 'ru-RU,ru;q=0.9,en-US;q=0.8,en;q=0.7'
    'HTTP_COOKIE' => 'advanced-backend=0698m1lvv7h5a86v6dkijai4rjdlemb5; _csrf-backend=361281c01f3e586de49521271553f3740fe7978b5ec8c97d7f6df187b9793affa%3A2%3A%7Bi%3A0%3Bs%3A13%3A%22_csrf-backend%22%3Bi%3A1%3Bs%3A32%3A%22HTc55EPrZTP0oHGZgTaxIisRTkW1Gq7B%22%3B%7D'
    'PATH' => 'd:\\ospanel\\modules\\php\\PHP_8.1\\ext;d:\\ospanel\\modules\\php\\PHP_8.1\\pear;d:\\ospanel\\modules\\php\\PHP_8.1\\pear\\bin;d:\\ospanel\\modules\\php\\PHP_8.1;d:\\ospanel\\modules\\wget\\bin;d:\\ospanel\\modules\\database\\MySQL-8.0-Win10\\bin;d:\\ospanel\\modules\\http\\Apache_2.4-PHP_8.0-8.1\\bin;d:\\ospanel\\modules\\http\\Apache_2.4-PHP_8.0-8.1;C:\\Windows\\system32;C:\\Windows;C:\\Windows\\system32\\Wbem;C:\\Windows\\SysWOW64'
    'SystemRoot' => 'C:\\Windows'
    'COMSPEC' => 'C:\\Windows\\system32\\cmd.exe'
    'PATHEXT' => '.COM;.EXE;.BAT;.CMD;.VBS;.VBE;.JS;.JSE;.WSF;.WSH;.MSC'
    'WINDIR' => 'C:\\Windows'
    'SERVER_SIGNATURE' => ''
    'SERVER_SOFTWARE' => 'Apache'
    'SERVER_NAME' => 'dispute'
    'SERVER_ADDR' => '127.0.0.1'
    'SERVER_PORT' => '80'
    'REMOTE_ADDR' => '127.0.0.1'
    'DOCUMENT_ROOT' => 'D:/OSPanel/domains/dispute/backend/web'
    'REQUEST_SCHEME' => 'http'
    'CONTEXT_PREFIX' => ''
    'CONTEXT_DOCUMENT_ROOT' => 'D:/OSPanel/domains/dispute/backend/web'
    'SERVER_ADMIN' => '[no address given]'
    'SCRIPT_FILENAME' => 'D:/OSPanel/domains/dispute/backend/web/index.php'
    'REMOTE_PORT' => '62881'
    'REDIRECT_URL' => '/login'
    'GATEWAY_INTERFACE' => 'CGI/1.1'
    'SERVER_PROTOCOL' => 'HTTP/1.1'
    'REQUEST_METHOD' => 'GET'
    'QUERY_STRING' => ''
    'REQUEST_URI' => '/login'
    'SCRIPT_NAME' => '/index.php'
    'PHP_SELF' => '/index.php'
    'REQUEST_TIME_FLOAT' => 1677149817.301
    'REQUEST_TIME' => 1677149817
]
